Apr 17, 2014 12:37:16 AM org.apache.catalina.core.AprLifecycleListener init
INFO: The APR based Apache Tomcat Native library which allows optimal performance in production environments was not found on the java.library.path: /opt/ibm/java-x86_64-60/jre/lib/amd64/default:/opt/ibm/java-x86_64-60/jre/lib/amd64:/usr/lib
Apr 17, 2014 12:37:17 AM org.apache.coyote.AbstractProtocol init
INFO: Initializing ProtocolHandler ["http-bio-80"]
Apr 17, 2014 12:37:17 AM org.apache.coyote.AbstractProtocol init
INFO: Initializing ProtocolHandler ["ajp-bio-8009"]
Apr 17, 2014 12:37:17 AM org.apache.catalina.startup.Catalina load
INFO: Initialization processed in 1091 ms
Apr 17, 2014 12:37:17 AM org.apache.catalina.core.StandardService startInternal
INFO: Starting service Catalina
Apr 17, 2014 12:37:17 AM org.apache.catalina.core.StandardEngine startInternal
INFO: Starting Servlet Engine: Apache Tomcat/7.0.53
Apr 17, 2014 12:37:17 AM org.apache.catalina.startup.HostConfig deployWAR
INFO: Deploying web application archive /opt/apache-tomcat-7.0.53/webapps/OpenInsu.war
Apr 17, 2014 12:37:19 AM org.apache.tomcat.websocket.server.WsSci onStartup
INFO: JSR 356 WebSocket (Java WebSocket 1.0) support is not available when running on Java 6. To suppress this message, run Tomcat on Java 7, remove the WebSocket JARs from $CATALINA_HOME/lib or add the WebSocketJARs to the tomcat.util.scan.DefaultJarScanner.jarsToSkip property in $CATALINA_BASE/conf/catalina.properties. Note that the deprecated Tomcat 7 WebSocket API will be available. 
Apr 17, 2014 12:37:19 AM org.springframework.web.context.ContextLoader initWebApplicationContext
INFO: Root WebApplicationContext: initialization started
Apr 17, 2014 12:37:19 AM org.springframework.context.support.AbstractApplicationContext prepareRefresh
INFO: Refreshing Root WebApplicationContext: startup date [Thu Apr 17 00:37:19 EDT 2014]; root of context hierarchy
Apr 17, 2014 12:37:19 AM org.springframework.beans.factory.xml.XmlBeanDefinitionReader loadBeanDefinitions
INFO: Loading XML bean definitions from ServletContext resource [/WEB-INF/mvc-dispatcher-servlet.xml]
Apr 17, 2014 12:37:19 AM org.springframework.context.annotation.ClassPathScanningCandidateComponentProvider registerDefaultFilters
INFO: JSR-250 'javax.annotation.ManagedBean' found and supported for component scanning
Apr 17, 2014 12:37:19 AM org.springframework.beans.factory.support.DefaultListableBeanFactory preInstantiateSingletons
INFO: Pre-instantiating singletons in org.springframework.beans.factory.support.DefaultListableBeanFactory@76917691: defining beans [vehicleController,org.springframework.context.annotation.internalConfigurationAnnotationProcessor,org.springframework.context.annotation.internalAutowiredAnnotationProcessor,org.springframework.context.annotation.internalRequiredAnnotationProcessor,org.springframework.context.annotation.internalCommonAnnotationProcessor,org.springframework.web.servlet.mvc.annotation.DefaultAnnotationHandlerMapping#0,org.springframework.format.support.FormattingConversionServiceFactoryBean#0,org.springframework.web.servlet.mvc.annotation.AnnotationMethodHandlerAdapter#0,org.springframework.web.servlet.handler.MappedInterceptor#0,org.springframework.web.servlet.mvc.HttpRequestHandlerAdapter,org.springframework.web.servlet.resource.ResourceHttpRequestHandler#0,org.springframework.web.servlet.handler.SimpleUrlHandlerMapping#0,org.springframework.web.servlet.view.InternalResourceViewResolver#0,org.springframework.web.servlet.view.ContentNegotiatingViewResolver#0]; root of factory hierarchy
Apr 17, 2014 12:37:20 AM org.springframework.web.servlet.handler.AbstractUrlHandlerMapping registerHandler
INFO: Mapped URL path [/vehicle] onto handler 'vehicleController'
Apr 17, 2014 12:37:20 AM org.springframework.web.servlet.handler.AbstractUrlHandlerMapping registerHandler
INFO: Mapped URL path [/vehicle.*] onto handler 'vehicleController'
Apr 17, 2014 12:37:20 AM org.springframework.web.servlet.handler.AbstractUrlHandlerMapping registerHandler
INFO: Mapped URL path [/vehicle/] onto handler 'vehicleController'
Apr 17, 2014 12:37:20 AM org.springframework.web.servlet.handler.AbstractUrlHandlerMapping registerHandler
INFO: Mapped URL path [/vehicle/.*] onto handler 'vehicleController'
Apr 17, 2014 12:37:20 AM org.springframework.web.servlet.handler.AbstractUrlHandlerMapping registerHandler
INFO: Mapped URL path [/vehicle/{policyID}/vehicles] onto handler 'vehicleController'
Apr 17, 2014 12:37:20 AM org.springframework.web.servlet.handler.AbstractUrlHandlerMapping registerHandler
INFO: Mapped URL path [/vehicle/{policyID}/vehicles.*] onto handler 'vehicleController'
Apr 17, 2014 12:37:20 AM org.springframework.web.servlet.handler.AbstractUrlHandlerMapping registerHandler
INFO: Mapped URL path [/vehicle/{policyID}/vehicles/] onto handler 'vehicleController'
Apr 17, 2014 12:37:20 AM org.springframework.web.servlet.handler.AbstractUrlHandlerMapping registerHandler
INFO: Mapped URL path [/vehicle/{policyID}/vehicle] onto handler 'vehicleController'
Apr 17, 2014 12:37:20 AM org.springframework.web.servlet.handler.AbstractUrlHandlerMapping registerHandler
INFO: Mapped URL path [/vehicle/{policyID}/vehicle.*] onto handler 'vehicleController'
Apr 17, 2014 12:37:20 AM org.springframework.web.servlet.handler.AbstractUrlHandlerMapping registerHandler
INFO: Mapped URL path [/vehicle/{policyID}/vehicle/] onto handler 'vehicleController'
Apr 17, 2014 12:37:20 AM org.springframework.web.servlet.handler.AbstractUrlHandlerMapping registerHandler
INFO: Mapped URL path [/static/**] onto handler 'org.springframework.web.servlet.resource.ResourceHttpRequestHandler#0'
Apr 17, 2014 12:37:20 AM org.springframework.oxm.castor.CastorMarshaller afterPropertiesSet
INFO: Using default configuration
Apr 17, 2014 12:37:20 AM org.springframework.web.context.ContextLoader initWebApplicationContext
INFO: Root WebApplicationContext: initialization completed in 853 ms
Apr 17, 2014 12:37:20 AM org.springframework.web.servlet.FrameworkServlet initServletBean
INFO: FrameworkServlet 'mvc-dispatcher': initialization started
Apr 17, 2014 12:37:20 AM org.springframework.context.support.AbstractApplicationContext prepareRefresh
INFO: Refreshing WebApplicationContext for namespace 'mvc-dispatcher-servlet': startup date [Thu Apr 17 00:37:20 EDT 2014]; parent: Root WebApplicationContext
Apr 17, 2014 12:37:20 AM org.springframework.beans.factory.xml.XmlBeanDefinitionReader loadBeanDefinitions
INFO: Loading XML bean definitions from ServletContext resource [/WEB-INF/mvc-dispatcher-servlet.xml]
Apr 17, 2014 12:37:20 AM org.springframework.context.annotation.ClassPathScanningCandidateComponentProvider registerDefaultFilters
INFO: JSR-250 'javax.annotation.ManagedBean' found and supported for component scanning
Apr 17, 2014 12:37:20 AM org.springframework.beans.factory.support.DefaultListableBeanFactory preInstantiateSingletons
INFO: Pre-instantiating singletons in org.springframework.beans.factory.support.DefaultListableBeanFactory@5ede5ede: defining beans [vehicleController,org.springframework.context.annotation.internalConfigurationAnnotationProcessor,org.springframework.context.annotation.internalAutowiredAnnotationProcessor,org.springframework.context.annotation.internalRequiredAnnotationProcessor,org.springframework.context.annotation.internalCommonAnnotationProcessor,org.springframework.web.servlet.mvc.annotation.DefaultAnnotationHandlerMapping#0,org.springframework.format.support.FormattingConversionServiceFactoryBean#0,org.springframework.web.servlet.mvc.annotation.AnnotationMethodHandlerAdapter#0,org.springframework.web.servlet.handler.MappedInterceptor#0,org.springframework.web.servlet.mvc.HttpRequestHandlerAdapter,org.springframework.web.servlet.resource.ResourceHttpRequestHandler#0,org.springframework.web.servlet.handler.SimpleUrlHandlerMapping#0,org.springframework.web.servlet.view.InternalResourceViewResolver#0,org.springframework.web.servlet.view.ContentNegotiatingViewResolver#0]; parent: org.springframework.beans.factory.support.DefaultListableBeanFactory@76917691
Apr 17, 2014 12:37:20 AM org.springframework.web.servlet.handler.AbstractUrlHandlerMapping registerHandler
INFO: Mapped URL path [/vehicle] onto handler 'vehicleController'
Apr 17, 2014 12:37:20 AM org.springframework.web.servlet.handler.AbstractUrlHandlerMapping registerHandler
INFO: Mapped URL path [/vehicle.*] onto handler 'vehicleController'
Apr 17, 2014 12:37:20 AM org.springframework.web.servlet.handler.AbstractUrlHandlerMapping registerHandler
INFO: Mapped URL path [/vehicle/] onto handler 'vehicleController'
Apr 17, 2014 12:37:20 AM org.springframework.web.servlet.handler.AbstractUrlHandlerMapping registerHandler
INFO: Mapped URL path [/vehicle/.*] onto handler 'vehicleController'
Apr 17, 2014 12:37:20 AM org.springframework.web.servlet.handler.AbstractUrlHandlerMapping registerHandler
INFO: Mapped URL path [/vehicle/{policyID}/vehicles] onto handler 'vehicleController'
Apr 17, 2014 12:37:20 AM org.springframework.web.servlet.handler.AbstractUrlHandlerMapping registerHandler
INFO: Mapped URL path [/vehicle/{policyID}/vehicles.*] onto handler 'vehicleController'
Apr 17, 2014 12:37:20 AM org.springframework.web.servlet.handler.AbstractUrlHandlerMapping registerHandler
INFO: Mapped URL path [/vehicle/{policyID}/vehicles/] onto handler 'vehicleController'
Apr 17, 2014 12:37:20 AM org.springframework.web.servlet.handler.AbstractUrlHandlerMapping registerHandler
INFO: Mapped URL path [/vehicle/{policyID}/vehicle] onto handler 'vehicleController'
Apr 17, 2014 12:37:20 AM org.springframework.web.servlet.handler.AbstractUrlHandlerMapping registerHandler
INFO: Mapped URL path [/vehicle/{policyID}/vehicle.*] onto handler 'vehicleController'
Apr 17, 2014 12:37:20 AM org.springframework.web.servlet.handler.AbstractUrlHandlerMapping registerHandler
INFO: Mapped URL path [/vehicle/{policyID}/vehicle/] onto handler 'vehicleController'
Apr 17, 2014 12:37:20 AM org.springframework.web.servlet.handler.AbstractUrlHandlerMapping registerHandler
INFO: Mapped URL path [/static/**] onto handler 'org.springframework.web.servlet.resource.ResourceHttpRequestHandler#0'
Apr 17, 2014 12:37:20 AM org.springframework.oxm.castor.CastorMarshaller afterPropertiesSet
INFO: Using default configuration
Apr 17, 2014 12:37:20 AM org.springframework.web.servlet.FrameworkServlet initServletBean
INFO: FrameworkServlet 'mvc-dispatcher': initialization completed in 203 ms
Apr 17, 2014 12:37:20 AM org.apache.catalina.startup.HostConfig deployWAR
INFO: Deploying web application archive /opt/apache-tomcat-7.0.53/webapps/openInsurance-1.war
Apr 17, 2014 12:37:20 AM org.apache.tomcat.util.digester.Digester endElement
SEVERE: End event threw exception
Throwable occurred: java.lang.reflect.InvocationTargetException
	at sun.reflect.NativeMethodAccessorImpl.invoke0(Native Method)
	at sun.reflect.NativeMethodAccessorImpl.invoke(NativeMethodAccessorImpl.java:60)
	at sun.reflect.DelegatingMethodAccessorImpl.invoke(DelegatingMethodAccessorImpl.java:37)
	at java.lang.reflect.Method.invoke(Method.java:611)
	at org.apache.tomcat.util.IntrospectionUtils.callMethod1(IntrospectionUtils.java:858)
	at org.apache.tomcat.util.digester.SetNextRule.end(SetNextRule.java:201)
	at org.apache.tomcat.util.digester.Digester.endElement(Digester.java:1063)
	at org.apache.xerces.parsers.AbstractSAXParser.endElement(Unknown Source)
	at org.apache.xerces.impl.XMLDocumentFragmentScannerImpl.scanEndElement(Unknown Source)
	at org.apache.xerces.impl.XMLDocumentFragmentScannerImpl$FragmentContentDispatcher.dispatch(Unknown Source)
	at org.apache.xerces.impl.XMLDocumentFragmentScannerImpl.scanDocument(Unknown Source)
	at org.apache.xerces.parsers.XML11Configuration.parse(Unknown Source)
	at org.apache.xerces.parsers.XML11Configuration.parse(Unknown Source)
	at org.apache.xerces.parsers.XMLParser.parse(Unknown Source)
	at org.apache.xerces.parsers.AbstractSAXParser.parse(Unknown Source)
	at org.apache.xerces.jaxp.SAXParserImpl$JAXPSAXParser.parse(Unknown Source)
	at org.apache.tomcat.util.digester.Digester.parse(Digester.java:1561)
	at org.apache.catalina.startup.ContextConfig.parseWebXml(ContextConfig.java:1809)
	at org.apache.catalina.startup.ContextConfig.webConfig(ContextConfig.java:1247)
	at org.apache.catalina.startup.ContextConfig.configureStart(ContextConfig.java:873)
	at org.apache.catalina.startup.ContextConfig.lifecycleEvent(ContextConfig.java:371)
	at org.apache.catalina.util.LifecycleSupport.fireLifecycleEvent(LifecycleSupport.java:117)
	at org.apache.catalina.util.LifecycleBase.fireLifecycleEvent(LifecycleBase.java:90)
	at org.apache.catalina.core.StandardContext.startInternal(StandardContext.java:5355)
	at org.apache.catalina.util.LifecycleBase.start(LifecycleBase.java:150)
	at org.apache.catalina.core.ContainerBase.addChildInternal(ContainerBase.java:901)
	at org.apache.catalina.core.ContainerBase.addChild(ContainerBase.java:877)
	at org.apache.catalina.core.StandardHost.addChild(StandardHost.java:632)
	at org.apache.catalina.startup.HostConfig.deployWAR(HostConfig.java:1073)
	at org.apache.catalina.startup.HostConfig$DeployWar.run(HostConfig.java:1857)
	at java.util.concurrent.Executors$RunnableAdapter.call(Executors.java:452)
	at java.util.concurrent.FutureTask$Sync.innerRun(FutureTask.java:314)
	at java.util.concurrent.FutureTask.run(FutureTask.java:149)
	at java.util.concurrent.ThreadPoolExecutor$Worker.runTask(ThreadPoolExecutor.java:897)
	at java.util.concurrent.ThreadPoolExecutor$Worker.run(ThreadPoolExecutor.java:919)
	at java.lang.Thread.run(Thread.java:736)
Caused by: java.lang.IllegalArgumentException: Duplicate filter name [wsdl-redirect-filter-api]
	at org.apache.catalina.deploy.WebXml.addFilter(WebXml.java:243)
	... 36 more
Apr 17, 2014 12:37:20 AM org.apache.catalina.startup.ContextConfig parseWebXml
SEVERE: Parse error in application web.xml file at jndi:/localhost/openInsurance-1/WEB-INF/web.xml
Throwable occurred: java.lang.IllegalArgumentException: Duplicate filter name [wsdl-redirect-filter-api]
	at org.apache.tomcat.util.digester.Digester.createSAXException(Digester.java:2711)
	at org.apache.tomcat.util.digester.Digester.createSAXException(Digester.java:2743)
	at org.apache.tomcat.util.digester.Digester.endElement(Digester.java:1066)
	at org.apache.xerces.parsers.AbstractSAXParser.endElement(Unknown Source)
	at org.apache.xerces.impl.XMLDocumentFragmentScannerImpl.scanEndElement(Unknown Source)
	at org.apache.xerces.impl.XMLDocumentFragmentScannerImpl$FragmentContentDispatcher.dispatch(Unknown Source)
	at org.apache.xerces.impl.XMLDocumentFragmentScannerImpl.scanDocument(Unknown Source)
	at org.apache.xerces.parsers.XML11Configuration.parse(Unknown Source)
	at org.apache.xerces.parsers.XML11Configuration.parse(Unknown Source)
	at org.apache.xerces.parsers.XMLParser.parse(Unknown Source)
	at org.apache.xerces.parsers.AbstractSAXParser.parse(Unknown Source)
	at org.apache.xerces.jaxp.SAXParserImpl$JAXPSAXParser.parse(Unknown Source)
	at org.apache.tomcat.util.digester.Digester.parse(Digester.java:1561)
	at org.apache.catalina.startup.ContextConfig.parseWebXml(ContextConfig.java:1809)
	at org.apache.catalina.startup.ContextConfig.webConfig(ContextConfig.java:1247)
	at org.apache.catalina.startup.ContextConfig.configureStart(ContextConfig.java:873)
	at org.apache.catalina.startup.ContextConfig.lifecycleEvent(ContextConfig.java:371)
	at org.apache.catalina.util.LifecycleSupport.fireLifecycleEvent(LifecycleSupport.java:117)
	at org.apache.catalina.util.LifecycleBase.fireLifecycleEvent(LifecycleBase.java:90)
	at org.apache.catalina.core.StandardContext.startInternal(StandardContext.java:5355)
	at org.apache.catalina.util.LifecycleBase.start(LifecycleBase.java:150)
	at org.apache.catalina.core.ContainerBase.addChildInternal(ContainerBase.java:901)
	at org.apache.catalina.core.ContainerBase.addChild(ContainerBase.java:877)
	at org.apache.catalina.core.StandardHost.addChild(StandardHost.java:632)
	at org.apache.catalina.startup.HostConfig.deployWAR(HostConfig.java:1073)
	at org.apache.catalina.startup.HostConfig$DeployWar.run(HostConfig.java:1857)
	at java.util.concurrent.Executors$RunnableAdapter.call(Executors.java:452)
	at java.util.concurrent.FutureTask$Sync.innerRun(FutureTask.java:314)
	at java.util.concurrent.FutureTask.run(FutureTask.java:149)
	at java.util.concurrent.ThreadPoolExecutor$Worker.runTask(ThreadPoolExecutor.java:897)
	at java.util.concurrent.ThreadPoolExecutor$Worker.run(ThreadPoolExecutor.java:919)
	at java.lang.Thread.run(Thread.java:736)
Apr 17, 2014 12:37:20 AM org.apache.catalina.startup.ContextConfig parseWebXml
SEVERE: Occurred at line 53 column 12
Apr 17, 2014 12:37:20 AM org.apache.catalina.startup.ContextConfig configureStart
SEVERE: Marking this application unavailable due to previous error(s)
Apr 17, 2014 12:37:20 AM org.apache.catalina.core.StandardContext startInternal
SEVERE: Error getConfigured
Apr 17, 2014 12:37:20 AM org.apache.catalina.core.StandardContext startInternal
SEVERE: Context [/openInsurance-1] startup failed due to previous errors
Apr 17, 2014 12:37:20 AM org.apache.catalina.startup.HostConfig deployDirectory
INFO: Deploying web application directory /opt/apache-tomcat-7.0.53/webapps/manager
Apr 17, 2014 12:37:20 AM org.apache.catalina.startup.HostConfig deployDirectory
INFO: Deploying web application directory /opt/apache-tomcat-7.0.53/webapps/examples
Apr 17, 2014 12:37:21 AM org.apache.catalina.startup.HostConfig deployDirectory
INFO: Deploying web application directory /opt/apache-tomcat-7.0.53/webapps/docs
Apr 17, 2014 12:37:21 AM org.apache.catalina.startup.HostConfig deployDirectory
INFO: Deploying web application directory /opt/apache-tomcat-7.0.53/webapps/host-manager
Apr 17, 2014 12:37:21 AM org.apache.catalina.startup.HostConfig deployDirectory
INFO: Deploying web application directory /opt/apache-tomcat-7.0.53/webapps/ROOT
Apr 17, 2014 12:37:21 AM org.apache.coyote.AbstractProtocol start
INFO: Starting ProtocolHandler ["http-bio-80"]
Apr 17, 2014 12:37:21 AM org.apache.coyote.AbstractProtocol start
INFO: Starting ProtocolHandler ["ajp-bio-8009"]
Apr 17, 2014 12:37:21 AM org.apache.catalina.startup.Catalina start
INFO: Server startup in 4186 ms
